<?xml version="1.0" encoding="UTF-8"?>
<testng-results ignored="0" total="1" passed="1" failed="0" skipped="0">
  <reporter-output>
  </reporter-output>
  <suite started-at="2021-05-12T11:56:17Z" name="Suite" finished-at="2021-05-12T11:56:40Z" duration-ms="23721">
    <groups>
    </groups>
    <test started-at="2021-05-12T11:56:17Z" name="Test" finished-at="2021-05-12T11:56:40Z" duration-ms="23721">
      <class name="com.automation.testcases.LoginTestCaseOne">
        <test-method is-config="true" signature="setUpSuite()[pri:0, instance:com.automation.testcases.LoginTestCaseOne@16aa8654]" started-at="2021-05-12T17:26:16Z" name="setUpSuite" finished-at="2021-05-12T17:26:17Z" duration-ms="822" status="PASS">
          <reporter-output>
          </reporter-output>
        </test-method> <!-- setUpSuite -->
        <test-method is-config="true" signature="setUp()[pri:0, instance:com.automation.testcases.LoginTestCaseOne@16aa8654]" started-at="2021-05-12T17:26:17Z" name="setUp" finished-at="2021-05-12T17:26:24Z" duration-ms="7397" status="PASS">
          <reporter-output>
          </reporter-output>
        </test-method> <!-- setUp -->
        <test-method signature="loginApp()[pri:0, instance:com.automation.testcases.LoginTestCaseOne@16aa8654]" started-at="2021-05-12T17:26:24Z" name="loginApp" finished-at="2021-05-12T17:26:39Z" duration-ms="15040" status="PASS">
          <reporter-output>
          </reporter-output>
        </test-method> <!-- loginApp -->
        <test-method is-config="true" signature="tearDownMethod(org.testng.ITestResult)[pri:0, instance:com.automation.testcases.LoginTestCaseOne@16aa8654]" started-at="2021-05-12T17:26:39Z" name="tearDownMethod" finished-at="2021-05-12T17:26:40Z" duration-ms="568" status="PASS">
          <params>
            <param index="0">
              <value>
                <![CDATA[[TestResult name=loginApp status=SUCCESS method=LoginTestCaseOne.loginApp()[pri:0, instance:com.automation.testcases.LoginTestCaseOne@16aa8654] output={null}]]]>
              </value>
            </param>
          </params>
          <reporter-output>
          </reporter-output>
        </test-method> <!-- tearDownMethod -->
        <test-method is-config="true" signature="tearDown()[pri:0, instance:com.automation.testcases.LoginTestCaseOne@16aa8654]" started-at="2021-05-12T17:26:40Z" name="tearDown" finished-at="2021-05-12T17:26:40Z" duration-ms="701" status="PASS">
          <reporter-output>
          </reporter-output>
        </test-method> <!-- tearDown -->
      </class> <!-- com.automation.testcases.LoginTestCaseOne -->
    </test> <!-- Test -->
  </suite> <!-- Suite -->
</testng-results>
