<?xml version="1.0" encoding="UTF-8"?>
<testng-results skipped="0" failed="0" ignored="0" total="1" passed="1">
  <reporter-output>
  </reporter-output>
  <suite name="Suite" duration-ms="19633" started-at="2021-05-16T05:31:50Z" finished-at="2021-05-16T05:32:09Z">
    <groups>
    </groups>
    <test name="Test" duration-ms="19633" started-at="2021-05-16T05:31:50Z" finished-at="2021-05-16T05:32:09Z">
      <class name="com.automation.testcases.LoginTestCaseOne">
        <test-method status="PASS" signature="setUpSuite()[pri:0, instance:com.automation.testcases.LoginTestCaseOne@548a102f]" name="setUpSuite" is-config="true" duration-ms="443" started-at="2021-05-16T11:01:49Z" finished-at="2021-05-16T11:01:50Z">
          <reporter-output>
          </reporter-output>
        </test-method> <!-- setUpSuite -->
        <test-method status="PASS" signature="setUp()[pri:0, instance:com.automation.testcases.LoginTestCaseOne@548a102f]" name="setUp" is-config="true" duration-ms="17999" started-at="2021-05-16T11:01:50Z" finished-at="2021-05-16T11:02:08Z">
          <reporter-output>
          </reporter-output>
        </test-method> <!-- setUp -->
        <test-method status="PASS" signature="loginApp()[pri:0, instance:com.automation.testcases.LoginTestCaseOne@548a102f]" name="loginApp" duration-ms="296" started-at="2021-05-16T11:02:08Z" finished-at="2021-05-16T11:02:08Z">
          <reporter-output>
          </reporter-output>
        </test-method> <!-- loginApp -->
        <test-method status="PASS" signature="tearDownMethod(org.testng.ITestResult)[pri:0, instance:com.automation.testcases.LoginTestCaseOne@548a102f]" name="tearDownMethod" is-config="true" duration-ms="634" started-at="2021-05-16T11:02:08Z" finished-at="2021-05-16T11:02:09Z">
          <params>
            <param index="0">
              <value>
                <![CDATA[[TestResult name=loginApp status=SUCCESS method=LoginTestCaseOne.loginApp()[pri:0, instance:com.automation.testcases.LoginTestCaseOne@548a102f] output={null}]]]>
              </value>
            </param>
          </params>
          <reporter-output>
          </reporter-output>
        </test-method> <!-- tearDownMethod -->
        <test-method status="PASS" signature="tearDown()[pri:0, instance:com.automation.testcases.LoginTestCaseOne@548a102f]" name="tearDown" is-config="true" duration-ms="693" started-at="2021-05-16T11:02:09Z" finished-at="2021-05-16T11:02:09Z">
          <reporter-output>
          </reporter-output>
        </test-method> <!-- tearDown -->
      </class> <!-- com.automation.testcases.LoginTestCaseOne -->
    </test> <!-- Test -->
  </suite> <!-- Suite -->
</testng-results>
